# JRE version: OpenJDK Runtime Environment (8.0_232-b09) (build 1.8.0_232-b09)
# Java VM: OpenJDK 64-Bit Server VM (25.232-b09 mixed mode linux-amd64 compressed oops)
Heap:
 PSYoungGen      total 1294336K, used 851284K [0x000000071bf80000, 0x0000000773980000, 0x00000007c0000000)
  eden space 1159168K, 66% used [0x000000071bf80000,0x000000074aeab3d8,0x0000000762b80000)
  from space 135168K, 60% used [0x000000076b500000,0x0000000770529df0,0x0000000773900000)
  to   space 138240K, 0% used [0x0000000762b80000,0x0000000762b80000,0x000000076b280000)
 ParOldGen       total 384512K, used 43454K [0x00000005d3e00000, 0x00000005eb580000, 0x000000071bf80000)
  object space 384512K, 11% used [0x00000005d3e00000,0x00000005d686f940,0x00000005eb580000)
 Metaspace       used 65246K, capacity 67326K, committed 67672K, reserved 1110016K
  class space    used 7375K, capacity 7954K, committed 8024K, reserved 1048576K
GC Heap History (38 events):
Event: 1.421 GC heap before
{Heap before GC invocations=1 (full 0):
 PSYoungGen      total 147456K, used 126464K [0x000000071bf80000, 0x0000000726400000, 0x00000007c0000000)
  eden space 126464K, 100% used [0x000000071bf80000,0x0000000723b00000,0x0000000723b00000)
  from space 20992K, 0% used [0x0000000724f80000,0x0000000724f80000,0x0000000726400000)
  to   space 20992K, 0% used [0x0000000723b00000,0x0000000723b00000,0x0000000724f80000)
 ParOldGen       total 337408K, used 0K [0x00000005d3e00000, 0x00000005e8780000, 0x000000071bf80000)
  object space 337408K, 0% used [0x00000005d3e00000,0x00000005d3e00000,0x00000005e8780000)
 Metaspace       used 16250K, capacity 16482K, committed 16896K, reserved 1064960K
  class space    used 1853K, capacity 1939K, committed 2048K, reserved 1048576K
Event: 1.434 GC heap after
Heap after GC invocations=1 (full 0):
 PSYoungGen      total 147456K, used 16071K [0x000000071bf80000, 0x0000000726400000, 0x00000007c0000000)
  eden space 126464K, 0% used [0x000000071bf80000,0x000000071bf80000,0x0000000723b00000)
  from space 20992K, 76% used [0x0000000723b00000,0x0000000724ab1e88,0x0000000724f80000)
  to   space 20992K, 0% used [0x0000000724f80000,0x0000000724f80000,0x0000000726400000)
 ParOldGen       total 337408K, used 16K [0x00000005d3e00000, 0x00000005e8780000, 0x000000071bf80000)
  object space 337408K, 0% used [0x00000005d3e00000,0x00000005d3e04000,0x00000005e8780000)
 Metaspace       used 16250K, capacity 16482K, committed 16896K, reserved 1064960K
  class space    used 1853K, capacity 1939K, committed 2048K, reserved 1048576K
}
Event: 2.359 GC heap before
{Heap before GC invocations=2 (full 0):
 PSYoungGen      total 147456K, used 142535K [0x000000071bf80000, 0x0000000726400000, 0x00000007c0000000)
  eden space 126464K, 100% used [0x000000071bf80000,0x0000000723b00000,0x0000000723b00000)
  from space 20992K, 76% used [0x0000000723b00000,0x0000000724ab1e88,0x0000000724f80000)
  to   space 20992K, 0% used [0x0000000724f80000,0x0000000724f80000,0x0000000726400000)
 ParOldGen       total 337408K, used 16K [0x00000005d3e00000, 0x00000005e8780000, 0x000000071bf80000)
  object space 337408K, 0% used [0x00000005d3e00000,0x00000005d3e04000,0x00000005e8780000)
 Metaspace       used 19204K, capacity 19632K, committed 20096K, reserved 1067008K
  class space    used 2132K, capacity 2306K, committed 2432K, reserved 1048576K
Event: 2.374 GC heap after
Heap after GC invocations=2 (full 0):
 PSYoungGen      total 147456K, used 16313K [0x000000071bf80000, 0x000000072df80000, 0x00000007c0000000)
  eden space 126464K, 0% used [0x000000071bf80000,0x000000071bf80000,0x0000000723b00000)
  from space 20992K, 77% used [0x0000000724f80000,0x0000000725f6e7f8,0x0000000726400000)
  to   space 20992K, 0% used [0x0000000723b00000,0x0000000723b00000,0x0000000724f80000)
 ParOldGen       total 337408K, used 32K [0x00000005d3e00000, 0x00000005e8780000, 0x000000071bf80000)
  object space 337408K, 0% used [0x00000005d3e00000,0x00000005d3e08000,0x00000005e8780000)
 Metaspace       used 19204K, capacity 19632K, committed 20096K, reserved 1067008K
  class space    used 2132K, capacity 2306K, committed 2432K, reserved 1048576K
}
Event: 2.732 GC heap before
{Heap before GC invocations=3 (full 0):
 PSYoungGen      total 147456K, used 73917K [0x000000071bf80000, 0x000000072df80000, 0x00000007c0000000)
  eden space 126464K, 45% used [0x000000071bf80000,0x000000071f7c0de8,0x0000000723b00000)
  from space 20992K, 77% used [0x0000000724f80000,0x0000000725f6e7f8,0x0000000726400000)
  to   space 20992K, 0% used [0x0000000723b00000,0x0000000723b00000,0x0000000724f80000)
 ParOldGen       total 337408K, used 32K [0x00000005d3e00000, 0x00000005e8780000, 0x000000071bf80000)
  object space 337408K, 0% used [0x00000005d3e00000,0x00000005d3e08000,0x00000005e8780000)
 Metaspace       used 20476K, capacity 21026K, committed 21248K, reserved 1069056K
  class space    used 2296K, capacity 2493K, committed 2560K, reserved 1048576K
Event: 2.743 GC heap after
Heap after GC invocations=3 (full 0):
 PSYoungGen      total 147456K, used 15579K [0x000000071bf80000, 0x000000072df80000, 0x00000007c0000000)
  eden space 126464K, 0% used [0x000000071bf80000,0x000000071bf80000,0x0000000723b00000)
  from space 20992K, 74% used [0x0000000723b00000,0x0000000724a36f68,0x0000000724f80000)
  to   space 20992K, 0% used [0x000000072cb00000,0x000000072cb00000,0x000000072df80000)
 ParOldGen       total 337408K, used 40K [0x00000005d3e00000, 0x00000005e8780000, 0x000000071bf80000)
  object space 337408K, 0% used [0x00000005d3e00000,0x00000005d3e0a000,0x00000005e8780000)
 Metaspace       used 20476K, capacity 21026K, committed 21248K, reserved 1069056K
  class space    used 2296K, capacity 2493K, committed 2560K, reserved 1048576K
}
Event: 2.743 GC heap before
{Heap before GC invocations=4 (full 1):
 PSYoungGen      total 147456K, used 15579K [0x000000071bf80000, 0x000000072df80000, 0x00000007c0000000)
  eden space 126464K, 0% used [0x000000071bf80000,0x000000071bf80000,0x0000000723b00000)
  from space 20992K, 74% used [0x0000000723b00000,0x0000000724a36f68,0x0000000724f80000)
  to   space 20992K, 0% used [0x000000072cb00000,0x000000072cb00000,0x000000072df80000)
 ParOldGen       total 337408K, used 40K [0x00000005d3e00000, 0x00000005e8780000, 0x000000071bf80000)
  object space 337408K, 0% used [0x00000005d3e00000,0x00000005d3e0a000,0x00000005e8780000)
 Metaspace       used 20476K, capacity 21026K, committed 21248K, reserved 1069056K
  class space    used 2296K, capacity 2493K, committed 2560K, reserved 1048576K
Event: 2.802 GC heap after
Heap after GC invocations=4 (full 1):
 PSYoungGen      total 147456K, used 0K [0x000000071bf80000, 0x000000072df80000, 0x00000007c0000000)
  eden space 126464K, 0% used [0x000000071bf80000,0x000000071bf80000,0x0000000723b00000)
  from space 20992K, 0% used [0x0000000723b00000,0x0000000723b00000,0x0000000724f80000)
  to   space 20992K, 0% used [0x000000072cb00000,0x000000072cb00000,0x000000072df80000)
 ParOldGen       total 210432K, used 15410K [0x00000005d3e00000, 0x00000005e0b80000, 0x000000071bf80000)
  object space 210432K, 7% used [0x00000005d3e00000,0x00000005d4d0c9e0,0x00000005e0b80000)
 Metaspace       used 20476K, capacity 21026K, committed 21248K, reserved 1069056K
  class space    used 2296K, capacity 2493K, committed 2560K, reserved 1048576K
}
Event: 3.980 GC heap before
{Heap before GC invocations=5 (full 1):
 PSYoungGen      total 147456K, used 126464K [0x000000071bf80000, 0x000000072df80000, 0x00000007c0000000)
  eden space 126464K, 100% used [0x000000071bf80000,0x0000000723b00000,0x0000000723b00000)
  from space 20992K, 0% used [0x0000000723b00000,0x0000000723b00000,0x0000000724f80000)
  to   space 20992K, 0% used [0x000000072cb00000,0x000000072cb00000,0x000000072df80000)
 ParOldGen       total 210432K, used 15410K [0x00000005d3e00000, 0x00000005e0b80000, 0x000000071bf80000)
  object space 210432K, 7% used [0x00000005d3e00000,0x00000005d4d0c9e0,0x00000005e0b80000)
 Metaspace       used 23209K, capacity 23942K, committed 24192K, reserved 1071104K
  class space    used 2627K, capacity 2905K, committed 2944K, reserved 1048576K
Event: 3.988 GC heap after
Heap after GC invocations=5 (full 1):
 PSYoungGen      total 189952K, used 9436K [0x000000071bf80000, 0x000000072d480000, 0x00000007c0000000)
  eden space 180224K, 0% used [0x000000071bf80000,0x000000071bf80000,0x0000000726f80000)
  from space 9728K, 97% used [0x000000072cb00000,0x000000072d4370d8,0x000000072d480000)
  to   space 20992K, 0% used [0x000000072ab80000,0x000000072ab80000,0x000000072c000000)
 ParOldGen       total 210432K, used 15418K [0x00000005d3e00000, 0x00000005e0b80000, 0x000000071bf80000)
  object space 210432K, 7% used [0x00000005d3e00000,0x00000005d4d0e9e0,0x00000005e0b80000)
 Metaspace       used 23209K, capacity 23942K, committed 24192K, reserved 1071104K
  class space    used 2627K, capacity 2905K, committed 2944K, reserved 1048576K
}
Event: 4.758 GC heap before
{Heap before GC invocations=6 (full 1):
 PSYoungGen      total 189952K, used 189660K [0x000000071bf80000, 0x000000072d480000, 0x00000007c0000000)
  eden space 180224K, 100% used [0x000000071bf80000,0x0000000726f80000,0x0000000726f80000)
  from space 9728K, 97% used [0x000000072cb00000,0x000000072d4370d8,0x000000072d480000)
  to   space 20992K, 0% used [0x000000072ab80000,0x000000072ab80000,0x000000072c000000)
 ParOldGen       total 210432K, used 15418K [0x00000005d3e00000, 0x00000005e0b80000, 0x000000071bf80000)
  object space 210432K, 7% used [0x00000005d3e00000,0x00000005d4d0e9e0,0x00000005e0b80000)
 Metaspace       used 24291K, capacity 25112K, committed 25344K, reserved 1071104K
  class space    used 2772K, capacity 3053K, committed 3072K, reserved 1048576K
Event: 4.769 GC heap after
Heap after GC invocations=6 (full 1):
 PSYoungGen      total 262656K, used 12358K [0x000000071bf80000, 0x000000072dc80000, 0x00000007c0000000)
  eden space 241664K, 0% used [0x000000071bf80000,0x000000071bf80000,0x000000072ab80000)
  from space 20992K, 58% used [0x000000072ab80000,0x000000072b791a98,0x000000072c000000)
  to   space 18432K, 0% used [0x000000072ca80000,0x000000072ca80000,0x000000072dc80000)
 ParOldGen       total 210432K, used 15426K [0x00000005d3e00000, 0x00000005e0b80000, 0x000000071bf80000)
  object space 210432K, 7% used [0x00000005d3e00000,0x00000005d4d109e0,0x00000005e0b80000)
 Metaspace       used 24291K, capacity 25112K, committed 25344K, reserved 1071104K
  class space    used 2772K, capacity 3053K, committed 3072K, reserved 1048576K
}
Event: 5.948 GC heap before
{Heap before GC invocations=7 (full 1):
 PSYoungGen      total 262656K, used 254022K [0x000000071bf80000, 0x000000072dc80000, 0x00000007c0000000)
  eden space 241664K, 100% used [0x000000071bf80000,0x000000072ab80000,0x000000072ab80000)
  from space 20992K, 58% used [0x000000072ab80000,0x000000072b791a98,0x000000072c000000)
  to   space 18432K, 0% used [0x000000072ca80000,0x000000072ca80000,0x000000072dc80000)
 ParOldGen       total 210432K, used 15426K [0x00000005d3e00000, 0x00000005e0b80000, 0x000000071bf80000)
  object space 210432K, 7% used [0x00000005d3e00000,0x00000005d4d109e0,0x00000005e0b80000)
 Metaspace       used 25014K, capacity 25908K, committed 26240K, reserved 1073152K
  class space    used 2845K, capacity 3117K, committed 3200K, reserved 1048576K
Event: 5.959 GC heap after
Heap after GC invocations=7 (full 1):
 PSYoungGen      total 272384K, used 17029K [0x000000071bf80000, 0x0000000732d80000, 0x00000007c0000000)
  eden space 253952K, 0% used [0x000000071bf80000,0x000000071bf80000,0x000000072b780000)
  from space 18432K, 92% used [0x000000072ca80000,0x000000072db21428,0x000000072dc80000)
  to   space 19456K, 0% used [0x000000072b780000,0x000000072b780000,0x000000072ca80000)
 ParOldGen       total 210432K, used 15434K [0x00000005d3e00000, 0x00000005e0b80000, 0x000000071bf80000)
  object space 210432K, 7% used [0x00000005d3e00000,0x00000005d4d129e0,0x00000005e0b80000)
 Metaspace       used 25014K, capacity 25908K, committed 26240K, reserved 1073152K
  class space    used 2845K, capacity 3117K, committed 3200K, reserved 1048576K
}
Event: 7.120 GC heap before
{Heap before GC invocations=8 (full 1):
 PSYoungGen      total 272384K, used 270981K [0x000000071bf80000, 0x0000000732d80000, 0x00000007c0000000)
  eden space 253952K, 100% used [0x000000071bf80000,0x000000072b780000,0x000000072b780000)
  from space 18432K, 92% used [0x000000072ca80000,0x000000072db21428,0x000000072dc80000)
  to   space 19456K, 0% used [0x000000072b780000,0x000000072b780000,0x000000072ca80000)
 ParOldGen       total 210432K, used 15439K [0x00000005d3e00000, 0x00000005e0b80000, 0x000000071bf80000)
  object space 210432K, 7% used [0x00000005d3e00000,0x00000005d4d13e40,0x00000005e0b80000)
 Metaspace       used 25515K, capacity 26486K, committed 26496K, reserved 1073152K
  class space    used 2892K, capacity 3196K, committed 3200K, reserved 1048576K
Event: 7.136 GC heap after
Heap after GC invocations=8 (full 1):
 PSYoungGen      total 273408K, used 19451K [0x000000071bf80000, 0x0000000734300000, 0x00000007c0000000)
  eden space 253952K, 0% used [0x000000071bf80000,0x000000071bf80000,0x000000072b780000)
  from space 19456K, 99% used [0x000000072b780000,0x000000072ca7ec78,0x000000072ca80000)
  to   space 22016K, 0% used [0x0000000732d80000,0x0000000732d80000,0x0000000734300000)
 ParOldGen       total 210432K, used 16908K [0x00000005d3e00000, 0x00000005e0b80000, 0x000000071bf80000)
  object space 210432K, 8% used [0x00000005d3e00000,0x00000005d4e833d8,0x00000005e0b80000)
 Metaspace       used 25515K, capacity 26486K, committed 26496K, reserved 1073152K
  class space    used 2892K, capacity 3196K, committed 3200K, reserved 1048576K
}
Event: 13.160 GC heap before
{Heap before GC invocations=9 (full 1):
 PSYoungGen      total 273408K, used 273403K [0x000000071bf80000, 0x0000000734300000, 0x00000007c0000000)
  eden space 253952K, 100% used [0x000000071bf80000,0x000000072b780000,0x000000072b780000)
  from space 19456K, 99% used [0x000000072b780000,0x000000072ca7ec78,0x000000072ca80000)
  to   space 22016K, 0% used [0x0000000732d80000,0x0000000732d80000,0x0000000734300000)
 ParOldGen       total 210432K, used 16922K [0x00000005d3e00000, 0x00000005e0b80000, 0x000000071bf80000)
  object space 210432K, 8% used [0x00000005d3e00000,0x00000005d4e86a10,0x00000005e0b80000)
 Metaspace       used 27161K, capacity 28206K, committed 28544K, reserved 1075200K
  class space    used 3054K, capacity 3358K, committed 3456K, reserved 1048576K
Event: 13.207 GC heap after
Heap after GC invocations=9 (full 1):
 PSYoungGen      total 364544K, used 22010K [0x000000071bf80000, 0x0000000735080000, 0x00000007c0000000)
  eden space 342528K, 0% used [0x000000071bf80000,0x000000071bf80000,0x0000000730e00000)
  from space 22016K, 99% used [0x0000000732d80000,0x00000007342fe800,0x0000000734300000)
  to   space 32256K, 0% used [0x0000000730e00000,0x0000000730e00000,0x0000000732d80000)
 ParOldGen       total 210432K, used 35890K [0x00000005d3e00000, 0x00000005e0b80000, 0x000000071bf80000)
  object space 210432K, 17% used [0x00000005d3e00000,0x00000005d610c840,0x00000005e0b80000)
 Metaspace       used 27161K, capacity 28206K, committed 28544K, reserved 1075200K
  class space    used 3054K, capacity 3358K, committed 3456K, reserved 1048576K
}
Event: 15.454 GC heap before
{Heap before GC invocations=10 (full 1):
 PSYoungGen      total 364544K, used 364538K [0x000000071bf80000, 0x0000000735080000, 0x00000007c0000000)
  eden space 342528K, 100% used [0x000000071bf80000,0x0000000730e00000,0x0000000730e00000)
  from space 22016K, 99% used [0x0000000732d80000,0x00000007342fe800,0x0000000734300000)
  to   space 32256K, 0% used [0x0000000730e00000,0x0000000730e00000,0x0000000732d80000)
 ParOldGen       total 210432K, used 35890K [0x00000005d3e00000, 0x00000005e0b80000, 0x000000071bf80000)
  object space 210432K, 17% used [0x00000005d3e00000,0x00000005d610c840,0x00000005e0b80000)
 Metaspace       used 31367K, capacity 32450K, committed 32512K, reserved 1077248K
  class space    used 3500K, capacity 3832K, committed 3840K, reserved 1048576K
Event: 15.497 GC heap after
Heap after GC invocations=10 (full 1):
 PSYoungGen      total 374784K, used 32253K [0x000000071bf80000, 0x000000073b400000, 0x00000007c0000000)
  eden space 342528K, 0% used [0x000000071bf80000,0x000000071bf80000,0x0000000730e00000)
  from space 32256K, 99% used [0x0000000730e00000,0x0000000732d7f5b8,0x0000000732d80000)
  to   space 44544K, 0% used [0x0000000738880000,0x0000000738880000,0x000000073b400000)
 ParOldGen       total 210432K, used 55242K [0x00000005d3e00000, 0x00000005e0b80000, 0x000000071bf80000)
  object space 210432K, 26% used [0x00000005d3e00000,0x00000005d73f2838,0x00000005e0b80000)
 Metaspace       used 31367K, capacity 32450K, committed 32512K, reserved 1077248K
  class space    used 3500K, capacity 3832K, committed 3840K, reserved 1048576K
}
Event: 16.044 GC heap before
{Heap before GC invocations=11 (full 1):
 PSYoungGen      total 374784K, used 374781K [0x000000071bf80000, 0x000000073b400000, 0x00000007c0000000)
  eden space 342528K, 100% used [0x000000071bf80000,0x0000000730e00000,0x0000000730e00000)
  from space 32256K, 99% used [0x0000000730e00000,0x0000000732d7f5b8,0x0000000732d80000)
  to   space 44544K, 0% used [0x0000000738880000,0x0000000738880000,0x000000073b400000)
 ParOldGen       total 210432K, used 55242K [0x00000005d3e00000, 0x00000005e0b80000, 0x000000071bf80000)
  object space 210432K, 26% used [0x00000005d3e00000,0x00000005d73f2838,0x00000005e0b80000)
 Metaspace       used 31484K, capacity 32578K, committed 32768K, reserved 1079296K
  class space    used 3515K, capacity 3832K, committed 3840K, reserved 1048576K
Event: 16.073 GC heap after
Heap after GC invocations=11 (full 1):
 PSYoungGen      total 453632K, used 44531K [0x000000071bf80000, 0x000000073e980000, 0x00000007c0000000)
  eden space 409088K, 0% used [0x000000071bf80000,0x000000071bf80000,0x0000000734f00000)
  from space 44544K, 99% used [0x0000000738880000,0x000000073b3fcd18,0x000000073b400000)
  to   space 58880K, 0% used [0x0000000734f00000,0x0000000734f00000,0x0000000738880000)
 ParOldGen       total 210432K, used 77344K [0x00000005d3e00000, 0x00000005e0b80000, 0x000000071bf80000)
  object space 210432K, 36% used [0x00000005d3e00000,0x00000005d8988388,0x00000005e0b80000)
 Metaspace       used 31484K, capacity 32578K, committed 32768K, reserved 1079296K
  class space    used 3515K, capacity 3832K, committed 3840K, reserved 1048576K
}
Event: 17.767 GC heap before
{Heap before GC invocations=12 (full 1):
 PSYoungGen      total 453632K, used 439103K [0x000000071bf80000, 0x000000073e980000, 0x00000007c0000000)
  eden space 409088K, 96% used [0x000000071bf80000,0x00000007340d31d8,0x0000000734f00000)
  from space 44544K, 99% used [0x0000000738880000,0x000000073b3fcd18,0x000000073b400000)
  to   space 58880K, 0% used [0x0000000734f00000,0x0000000734f00000,0x0000000738880000)
 ParOldGen       total 210432K, used 77344K [0x00000005d3e00000, 0x00000005e0b80000, 0x000000071bf80000)
  object space 210432K, 36% used [0x00000005d3e00000,0x00000005d8988388,0x00000005e0b80000)
 Metaspace       used 34125K, capacity 35224K, committed 35416K, reserved 1081344K
  class space    used 3784K, capacity 4139K, committed 4184K, reserved 1048576K
Event: 17.951 GC heap after
Heap after GC invocations=12 (full 1):
 PSYoungGen      total 467968K, used 58872K [0x000000071bf80000, 0x0000000748880000, 0x00000007c0000000)
  eden space 409088K, 0% used [0x000000071bf80000,0x000000071bf80000,0x0000000734f00000)
  from space 58880K, 99% used [0x0000000734f00000,0x000000073887e160,0x0000000738880000)
  to   space 78848K, 0% used [0x0000000743b80000,0x0000000743b80000,0x0000000748880000)
 ParOldGen       total 210432K, used 107846K [0x00000005d3e00000, 0x00000005e0b80000, 0x000000071bf80000)
  object space 210432K, 51% used [0x00000005d3e00000,0x00000005da751a48,0x00000005e0b80000)
 Metaspace       used 34125K, capacity 35224K, committed 35416K, reserved 1081344K
  class space    used 3784K, capacity 4139K, committed 4184K, reserved 1048576K
}
Event: 17.951 GC heap before
{Heap before GC invocations=13 (full 2):
 PSYoungGen      total 467968K, used 58872K [0x000000071bf80000, 0x0000000748880000, 0x00000007c0000000)
  eden space 409088K, 0% used [0x000000071bf80000,0x000000071bf80000,0x0000000734f00000)
  from space 58880K, 99% used [0x0000000734f00000,0x000000073887e160,0x0000000738880000)
  to   space 78848K, 0% used [0x0000000743b80000,0x0000000743b80000,0x0000000748880000)
 ParOldGen       total 210432K, used 107846K [0x00000005d3e00000, 0x00000005e0b80000, 0x000000071bf80000)
  object space 210432K, 51% used [0x00000005d3e00000,0x00000005da751a48,0x00000005e0b80000)
 Metaspace       used 34125K, capacity 35224K, committed 35416K, reserved 1081344K
  class space    used 3784K, capacity 4139K, committed 4184K, reserved 1048576K
Event: 18.206 GC heap after
Heap after GC invocations=13 (full 2):
 PSYoungGen      total 467968K, used 0K [0x000000071bf80000, 0x0000000748880000, 0x00000007c0000000)
  eden space 409088K, 0% used [0x000000071bf80000,0x000000071bf80000,0x0000000734f00000)
  from space 58880K, 0% used [0x0000000734f00000,0x0000000734f00000,0x0000000738880000)
  to   space 78848K, 0% used [0x0000000743b80000,0x0000000743b80000,0x0000000748880000)
 ParOldGen       total 411648K, used 127602K [0x00000005d3e00000, 0x00000005ed000000, 0x000000071bf80000)
  object space 411648K, 30% used [0x00000005d3e00000,0x00000005dba9c8a0,0x00000005ed000000)
 Metaspace       used 34119K, capacity 35208K, committed 35416K, reserved 1081344K
  class space    used 3781K, capacity 4135K, committed 4184K, reserved 1048576K
}
Event: 26.483 GC heap before
{Heap before GC invocations=14 (full 2):
 PSYoungGen      total 467968K, used 409088K [0x000000071bf80000, 0x0000000748880000, 0x00000007c0000000)
  eden space 409088K, 100% used [0x000000071bf80000,0x0000000734f00000,0x0000000734f00000)
  from space 58880K, 0% used [0x0000000734f00000,0x0000000734f00000,0x0000000738880000)
  to   space 78848K, 0% used [0x0000000743b80000,0x0000000743b80000,0x0000000748880000)
 ParOldGen       total 411648K, used 127602K [0x00000005d3e00000, 0x00000005ed000000, 0x000000071bf80000)
  object space 411648K, 30% used [0x00000005d3e00000,0x00000005dba9c8a0,0x00000005ed000000)
 Metaspace       used 41281K, capacity 42664K, committed 42840K, reserved 1087488K
  class space    used 4543K, capacity 4937K, committed 4952K, reserved 1048576K
Event: 26.573 GC heap after
Heap after GC invocations=14 (full 2):
 PSYoungGen      total 642048K, used 70199K [0x000000071bf80000, 0x0000000749580000, 0x00000007c0000000)
  eden space 563200K, 0% used [0x000000071bf80000,0x000000071bf80000,0x000000073e580000)
  from space 78848K, 89% used [0x0000000743b80000,0x000000074800def8,0x0000000748880000)
  to   space 88064K, 0% used [0x000000073e580000,0x000000073e580000,0x0000000743b80000)
 ParOldGen       total 411648K, used 127610K [0x00000005d3e00000, 0x00000005ed000000, 0x000000071bf80000)
  object space 411648K, 30% used [0x00000005d3e00000,0x00000005dba9e8a0,0x00000005ed000000)
 Metaspace       used 41281K, capacity 42664K, committed 42840K, reserved 1087488K
  class space    used 4543K, capacity 4937K, committed 4952K, reserved 1048576K
}
Event: 31.428 GC heap before
{Heap before GC invocations=15 (full 2):
 PSYoungGen      total 642048K, used 633399K [0x000000071bf80000, 0x0000000749580000, 0x00000007c0000000)
  eden space 563200K, 100% used [0x000000071bf80000,0x000000073e580000,0x000000073e580000)
  from space 78848K, 89% used [0x0000000743b80000,0x000000074800def8,0x0000000748880000)
  to   space 88064K, 0% used [0x000000073e580000,0x000000073e580000,0x0000000743b80000)
 ParOldGen       total 411648K, used 127636K [0x00000005d3e00000, 0x00000005ed000000, 0x000000071bf80000)
  object space 411648K, 31% used [0x00000005d3e00000,0x00000005dbaa5130,0x00000005ed000000)
 Metaspace       used 41556K, capacity 42920K, committed 43096K, reserved 1087488K
  class space    used 4566K, capacity 4937K, committed 4952K, reserved 1048576K
Event: 31.601 GC heap after
Heap after GC invocations=15 (full 2):
 PSYoungGen      total 651264K, used 88041K [0x000000071bf80000, 0x000000075b180000, 0x00000007c0000000)
  eden space 563200K, 0% used [0x000000071bf80000,0x000000071bf80000,0x000000073e580000)
  from space 88064K, 99% used [0x000000073e580000,0x0000000743b7a4e8,0x0000000743b80000)
  to   space 126464K, 0% used [0x0000000753600000,0x0000000753600000,0x000000075b180000)
 ParOldGen       total 411648K, used 194155K [0x00000005d3e00000, 0x00000005ed000000, 0x000000071bf80000)
  object space 411648K, 47% used [0x00000005d3e00000,0x00000005dfb9aef8,0x00000005ed000000)
 Metaspace       used 41556K, capacity 42920K, committed 43096K, reserved 1087488K
  class space    used 4566K, capacity 4937K, committed 4952K, reserved 1048576K
}
Event: 32.393 GC heap before
{Heap before GC invocations=16 (full 2):
 PSYoungGen      total 651264K, used 651241K [0x000000071bf80000, 0x000000075b180000, 0x00000007c0000000)
  eden space 563200K, 100% used [0x000000071bf80000,0x000000073e580000,0x000000073e580000)
  from space 88064K, 99% used [0x000000073e580000,0x0000000743b7a4e8,0x0000000743b80000)
  to   space 126464K, 0% used [0x0000000753600000,0x0000000753600000,0x000000075b180000)
 ParOldGen       total 411648K, used 194290K [0x00000005d3e00000, 0x00000005ed000000, 0x000000071bf80000)
  object space 411648K, 47% used [0x00000005d3e00000,0x00000005dfbbcb28,0x00000005ed000000)
 Metaspace       used 41698K, capacity 43098K, committed 43480K, reserved 1087488K
  class space    used 4576K, capacity 4972K, committed 5080K, reserved 1048576K
Event: 32.765 GC heap after
Heap after GC invocations=16 (full 2):
 PSYoungGen      total 896000K, used 101323K [0x000000071bf80000, 0x0000000760c00000, 0x00000007c0000000)
  eden space 769536K, 0% used [0x000000071bf80000,0x000000071bf80000,0x000000074af00000)
  from space 126464K, 80% used [0x0000000753600000,0x00000007598f2ef0,0x000000075b180000)
  to   space 138240K, 0% used [0x000000074af00000,0x000000074af00000,0x0000000753600000)
 ParOldGen       total 411648K, used 235710K [0x00000005d3e00000, 0x00000005ed000000, 0x000000071bf80000)
  object space 411648K, 57% used [0x00000005d3e00000,0x00000005e242f898,0x00000005ed000000)
 Metaspace       used 41698K, capacity 43098K, committed 43480K, reserved 1087488K
  class space    used 4576K, capacity 4972K, committed 5080K, reserved 1048576K
}
Event: 36.622 GC heap before
{Heap before GC invocations=17 (full 2):
 PSYoungGen      total 896000K, used 333600K [0x000000071bf80000, 0x0000000760c00000, 0x00000007c0000000)
  eden space 769536K, 30% used [0x000000071bf80000,0x000000072a2554c0,0x000000074af00000)
  from space 126464K, 80% used [0x0000000753600000,0x00000007598f2ef0,0x000000075b180000)
  to   space 138240K, 0% used [0x000000074af00000,0x000000074af00000,0x0000000753600000)
 ParOldGen       total 411648K, used 235710K [0x00000005d3e00000, 0x00000005ed000000, 0x000000071bf80000)
  object space 411648K, 57% used [0x00000005d3e00000,0x00000005e242f898,0x00000005ed000000)
 Metaspace       used 56845K, capacity 58850K, committed 59028K, reserved 1101824K
  class space    used 6316K, capacity 6865K, committed 6872K, reserved 1048576K
Event: 37.185 GC heap after
Heap after GC invocations=17 (full 2):
 PSYoungGen      total 907776K, used 22933K [0x000000071bf80000, 0x0000000773900000, 0x00000007c0000000)
  eden space 769536K, 0% used [0x000000071bf80000,0x000000071bf80000,0x000000074af00000)
  from space 138240K, 16% used [0x000000074af00000,0x000000074c565570,0x0000000753600000)
  to   space 135168K, 0% used [0x000000076b500000,0x000000076b500000,0x0000000773900000)
 ParOldGen       total 411648K, used 295076K [0x00000005d3e00000, 0x00000005ed000000, 0x000000071bf80000)
  object space 411648K, 71% used [0x00000005d3e00000,0x00000005e5e292e0,0x00000005ed000000)
 Metaspace       used 56845K, capacity 58850K, committed 59028K, reserved 1101824K
  class space    used 6316K, capacity 6865K, committed 6872K, reserved 1048576K
}
Event: 37.185 GC heap before
{Heap before GC invocations=18 (full 3):
 PSYoungGen      total 907776K, used 22933K [0x000000071bf80000, 0x0000000773900000, 0x00000007c0000000)
  eden space 769536K, 0% used [0x000000071bf80000,0x000000071bf80000,0x000000074af00000)
  from space 138240K, 16% used [0x000000074af00000,0x000000074c565570,0x0000000753600000)
  to   space 135168K, 0% used [0x000000076b500000,0x000000076b500000,0x0000000773900000)
 ParOldGen       total 411648K, used 295076K [0x00000005d3e00000, 0x00000005ed000000, 0x000000071bf80000)
  object space 411648K, 71% used [0x00000005d3e00000,0x00000005e5e292e0,0x00000005ed000000)
 Metaspace       used 56845K, capacity 58850K, committed 59028K, reserved 1101824K
  class space    used 6316K, capacity 6865K, committed 6872K, reserved 1048576K
Event: 37.360 GC heap after
Heap after GC invocations=18 (full 3):
 PSYoungGen      total 907776K, used 0K [0x000000071bf80000, 0x0000000773900000, 0x00000007c0000000)
  eden space 769536K, 0% used [0x000000071bf80000,0x000000071bf80000,0x000000074af00000)
  from space 138240K, 0% used [0x000000074af00000,0x000000074af00000,0x0000000753600000)
  to   space 135168K, 0% used [0x000000076b500000,0x000000076b500000,0x0000000773900000)
 ParOldGen       total 384512K, used 43374K [0x00000005d3e00000, 0x00000005eb580000, 0x000000071bf80000)
  object space 384512K, 11% used [0x00000005d3e00000,0x00000005d685b930,0x00000005eb580000)
 Metaspace       used 55144K, capacity 57140K, committed 59028K, reserved 1101824K
  class space    used 6314K, capacity 6863K, committed 6872K, reserved 1048576K
}
Event: 4141.140 GC heap before
{Heap before GC invocations=19 (full 3):
 PSYoungGen      total 907776K, used 769536K [0x000000071bf80000, 0x0000000773900000, 0x00000007c0000000)
  eden space 769536K, 100% used [0x000000071bf80000,0x000000074af00000,0x000000074af00000)
  from space 138240K, 0% used [0x000000074af00000,0x000000074af00000,0x0000000753600000)
  to   space 135168K, 0% used [0x000000076b500000,0x000000076b500000,0x0000000773900000)
 ParOldGen       total 384512K, used 43374K [0x00000005d3e00000, 0x00000005eb580000, 0x000000071bf80000)
  object space 384512K, 11% used [0x00000005d3e00000,0x00000005d685b930,0x00000005eb580000)
 Metaspace       used 65044K, capacity 67180K, committed 67672K, reserved 1110016K
  class space    used 7362K, capacity 7949K, committed 8024K, reserved 1048576K
Event: 4141.196 GC heap after
Heap after GC invocations=19 (full 3):
 PSYoungGen      total 1294336K, used 82087K [0x000000071bf80000, 0x0000000773980000, 0x00000007c0000000)
  eden space 1159168K, 0% used [0x000000071bf80000,0x000000071bf80000,0x0000000762b80000)
  from space 135168K, 60% used [0x000000076b500000,0x0000000770529df0,0x0000000773900000)
  to   space 138240K, 0% used [0x0000000762b80000,0x0000000762b80000,0x000000076b280000)
 ParOldGen       total 384512K, used 43454K [0x00000005d3e00000, 0x00000005eb580000, 0x000000071bf80000)
  object space 384512K, 11% used [0x00000005d3e00000,0x00000005d686f940,0x00000005eb580000)
 Metaspace       used 65044K, capacity 67180K, committed 67672K, reserved 1110016K
  class space    used 7362K, capacity 7949K, committed 8024K, reserved 1048576K
}

